(---------------------------------------------------------------------)
(                                                                     )
(    NC DRILL Log                                                     )
(                                                                     )
(    Drawing          : 08_047456d.brd                                )
(    Software Version : 17.2S053                                      )
(    Date/Time        : Fri Aug 16 11:53:27 2019                      )
(                                                                     )
(---------------------------------------------------------------------)



 Processing NC Parameters file 'nc_param.txt' ...

 NC PARAMETERS
 -------------

 FORMAT   		2.5
 MACHINE-OFFSET		x:0.00000	y:0.00000   (inch)
 FEEDRATE		1
 COORDINATES		ABSOLUTE
 OUTPUT-UNITS		ENGLISH
 TOOL-ORDER		INCREASING
 REPEAT-CODES		YES
 SUPPRESS-LEAD-ZEROES	YES
 SUPPRESS-TRAIL-ZEROES	NO
 SUPPRESS-EQUAL		NO
 TOOL-SELECT		NO
 HEADER			none
 LEADER			12
 CODE			ASCII
 SEPARATE		NO
 SEPARATE-ROUTING	NO
 OPTIMIZE_DRILLING	NO
 ENHANCED_EXCELLON	YES
 SCALE			1.000000

 WARNING(SPMHMF-358): Design precision is the same as that of the drill output file data.
 WARNING(SPMHMF-359): Data rounding errors may still be possible.


 Drill files being output to directory 'C:/tmp/20_047456e/worklib/02_047456e_top/physical/art/fab' ...



     '08_047456D-1-2-1-2.drl' created for holes connecting TOP and BOTTOM
     --------------------------------------------------------------------

           Num     Size      +/- Tolerance     Plating   Quantity

            1.  19.6900    0.0000/  0.0000      PLATED        275
            2.  32.0000    0.0000/  0.0000      PLATED          4
            3.  35.0000    0.0000/  0.0000      PLATED          3
            4.  40.0000    0.0000/  0.0000      PLATED         22
            5.  45.0000    0.0000/  0.0000      PLATED         35
            6.  50.0000    0.0000/  0.0000      PLATED          6
            7.  55.0000    0.0000/  0.0000      PLATED          3
            8.  80.0000    0.0000/  0.0000      PLATED         16

     ---- Total holes:                                        364

     ---- Total head travel:              14.23 feet (4.34 meters)

